0 info it worked if it ends with ok
1 verbose cli [ 'C:\\Program Files\\nodejs\\node.exe',
1 verbose cli   'C:\\Users\\U460624\\AppData\\Roaming\\npm\\node_modules\\npm\\bin\\npm-cli.js',
1 verbose cli   'start' ]
2 info using npm@3.9.6
3 info using node@v6.9.2
4 verbose run-script [ 'prestart', 'start', 'poststart' ]
5 info lifecycle markupproj@1.0.0~prestart: markupproj@1.0.0
6 silly lifecycle markupproj@1.0.0~prestart: no script for prestart, continuing
7 info lifecycle markupproj@1.0.0~start: markupproj@1.0.0
8 verbose lifecycle markupproj@1.0.0~start: unsafe-perm in lifecycle true
9 verbose lifecycle markupproj@1.0.0~start: PATH: C:\Users\U460624\AppData\Roaming\npm\node_modules\npm\bin\node-gyp-bin;C:\Users\U460624\WebAppStuff\Sandbox\New folder\node_modules\.bin;C:\Program Files\nodejs;C:\ProgramData\Oracle\Java\javapath;C:\RailsInstaller\Ruby2.2.0\bin;C:\Ruby22\bin;C:\oracle\ora102\BIN\;C:\Windows\system32;C:\Windows;C:\Windows\System32\Wbem;C:\LAS;C:\Program Files\TortoiseSVN\bin;C:\Program Files (x86)\Common Files\M-Tech\;C:\Program Files\Common Files\M-Tech\;C:\Program Files (x86)\Microsoft ASP.NET\ASP.NET Web Pages\v1.0\;C:\Program Files\Microsoft SQL Server\110\Tools\Binn\;c:\Program Files (x86)\Microsoft SQL Server\110\Tools\Binn\;c:\Program Files\Microsoft SQL Server\110\DTS\Binn\;c:\Program Files (x86)\Microsoft SQL Server\110\Tools\Binn\ManagementStudio\;c:\Program Files (x86)\Microsoft SQL Server\110\DTS\Binn\;C:\Windows\System32\WindowsPowerShell\v1.0\;C:\Program Files\Microsoft\Web Platform Installer\;C:\Program Files (x86)\Windows Kits\8.1\Windows Performance Toolkit\;C:\Program Files (x86)\Microsoft SDKs\TypeScript\1.0\;C:\Program Files\Microsoft SQL Server\120\Tools\Binn\;C:\Program Files (x86)\Java\jdk1.8.0_101\bin;C:\apache-ant-1.9.3\bin;C:\Program Files (x86)\Git\cmd;C:\Python34;%USERPROFILE%\.dnx\bin;C:\Program Files\Microsoft DNX\Dnvm\;C:\Program Files\MongoDB\Server\3.2\bin;C:\sqlite3;C:\Go\bin;C:\Windows\System32\WindowsPowerShell\v1.0\;C:\Windows\System32\WindowsPowerShell\v1.0\;C:\apache-maven-3.3.9\bin\;C:\Users\U460624\AppData\Local\GitHub\PortableGit_624c8416ee51e205b3f892d1d904e06e6f3c57c8\cmd;C:\Windows\CCM\nomad\;C:\Program Files\nodejs\;C:\Users\U460624\.dnx\bin;C:\Users\U460624\AppData\Roaming\npm;C:\Program Files (x86)\Microsoft VS Code\bin;C:\Users\U460624\AppData\Local\.meteor\;C:\Users\U460624\AppData\Roaming\npm
10 verbose lifecycle markupproj@1.0.0~start: CWD: C:\Users\U460624\WebAppStuff\Sandbox\New folder
11 silly lifecycle markupproj@1.0.0~start: Args: [ '/d /s /c', 'gulp build && node server.js' ]
12 silly lifecycle markupproj@1.0.0~start: Returned: code: 1  signal: null
13 info lifecycle markupproj@1.0.0~start: Failed to exec start script
14 verbose stack Error: markupproj@1.0.0 start: `gulp build && node server.js`
14 verbose stack Exit status 1
14 verbose stack     at EventEmitter.<anonymous> (C:\Users\U460624\AppData\Roaming\npm\node_modules\npm\lib\utils\lifecycle.js:245:16)
14 verbose stack     at emitTwo (events.js:106:13)
14 verbose stack     at EventEmitter.emit (events.js:191:7)
14 verbose stack     at ChildProcess.<anonymous> (C:\Users\U460624\AppData\Roaming\npm\node_modules\npm\lib\utils\spawn.js:24:14)
14 verbose stack     at emitTwo (events.js:106:13)
14 verbose stack     at ChildProcess.emit (events.js:191:7)
14 verbose stack     at maybeClose (internal/child_process.js:877:16)
14 verbose stack     at Process.ChildProcess._handle.onexit (internal/child_process.js:226:5)
15 verbose pkgid markupproj@1.0.0
16 verbose cwd C:\Users\U460624\WebAppStuff\Sandbox\New folder
17 error Windows_NT 6.1.7601
18 error argv "C:\\Program Files\\nodejs\\node.exe" "C:\\Users\\U460624\\AppData\\Roaming\\npm\\node_modules\\npm\\bin\\npm-cli.js" "start"
19 error node v6.9.2
20 error npm  v3.9.6
21 error code ELIFECYCLE
22 error markupproj@1.0.0 start: `gulp build && node server.js`
22 error Exit status 1
23 error Failed at the markupproj@1.0.0 start script 'gulp build && node server.js'.
23 error Make sure you have the latest version of node.js and npm installed.
23 error If you do, this is most likely a problem with the markupproj package,
23 error not with npm itself.
23 error Tell the author that this fails on your system:
23 error     gulp build && node server.js
23 error You can get information on how to open an issue for this project with:
23 error     npm bugs markupproj
23 error Or if that isn't available, you can get their info via:
23 error     npm owner ls markupproj
23 error There is likely additional logging output above.
24 verbose exit [ 1, true ]
